<?xml version="1.0" encoding="UTF-8"?>
<!-- Generated by org.testng.reporters.JUnitXMLReporter -->
<testsuite hostname="WKMGB2584871" failures="1" tests="3" name="Test" time="57.843" errors="0" timestamp="26 Jan 2020 21:17:10 GMT">
  <testcase classname="com.hellofresh.tests.VerifySignIn" name="checkoutTest" time="22.599"/>
  <testcase classname="com.hellofresh.tests.VerifySignIn" name="logInTest" time="3.339">
    <failure type="java.lang.AssertionError">
      <![CDATA[java.lang.AssertionError
	at com.hellofresh.pages.MyAccountPage.validateName(MyAccountPage.java:75)
	at com.hellofresh.tests.VerifySignIn.logInTest(VerifySignIn.java:70)
... Removed 24 stack frames]]>
    </failure>
  </testcase> <!-- logInTest -->
  <testcase classname="com.hellofresh.tests.VerifySignIn" name="signInTest" time="8.103"/>
</testsuite> <!-- Test -->
